<?xml version="1.0" encoding="UTF-8" standalone="no"?><testsuite errors="0" failures="1" name="Eliminar Producto del Carrito en Mercapleno" skipped="0" tests="1" time="2.74" timestamp="2026-06-20 04:50:35"><testcase name="Eliminar un producto agregado al carrito"><failure message="Expected condition failed: waiting for By.xpath: //article[contains(@class, 'cart-item-row') and .//p[contains(@class, 'cart-item-row__name') and text()='Pan Bimbo']]//button[contains(text(), 'Eliminar')] to be present (tried for 10 second(s) with 100 milliseconds interval)&#10;Build info: version: '4.16.1', revision: '9b4c83354e'&#10;System info: os.name: 'Windows 11', os.arch: 'amd64', os.version: '10.0', java.version: '24.0.2'&#10;Driver info: driver.version: unknown" type="net.thucydides.core.webdriver.exceptions.ElementShouldBePresentException">Expected condition failed: waiting for By.xpath: //article[contains(@class, 'cart-item-row') and .//p[contains(@class, 'cart-item-row__name') and text()='Pan Bimbo']]//button[contains(text(), 'Eliminar')] to be present (tried for 10 second(s) with 100 milliseconds interval)
Build info: version: '4.16.1', revision: '9b4c83354e'
System info: os.name: 'Windows 11', os.arch: 'amd64', os.version: '10.0', java.version: '24.0.2'
Driver info: driver.version: unknown</failure><system-err>Expected condition failed: waiting for By.xpath: //article[contains(@class, 'cart-item-row') and .//p[contains(@class, 'cart-item-row__name') and text()='Pan Bimbo']]//button[contains(text(), 'Eliminar')] to be present (tried for 10 second(s) with 100 milliseconds interval)
Build info: version: '4.16.1', revision: '9b4c83354e'
System info: os.name: 'Windows 11', os.arch: 'amd64', os.version: '10.0', java.version: '24.0.2'
Driver info: driver.version: unknown&#13;
com.mercapleno.tasks.EliminarProducto.performAs(EliminarProducto.java:18)&#13;
com.mercapleno.stepdefinitions.CarritoStepDefinitions.decidirEliminarProducto(CarritoStepDefinitions.java:63)&#13;
</system-err></testcase></testsuite>